[     397ms] [INFO] %cDownload the React DevTools for a better development experience: https://react.dev/link/react-devtools font-weight:bold @ http://localhost:3000/_next/static/chunks/5f34d_next_dist_f43d3f13._.js:2297
[     611ms] [LOG] [HMR] connected @ http://localhost:3000/_next/static/chunks/5f34d_next_dist_f43d3f13._.js:2297
[   80598ms] [LOG] [Fast Refresh] rebuilding @ http://localhost:3000/_next/static/chunks/5f34d_next_dist_f43d3f13._.js:2297
[   80933ms] [ERROR] ./styles/main.css:450:8
Parsing CSS source code failed
  448 |   }
  449 | }
> 450 | @import url("tailwindcss");
      |        ^
  451 | :root {
  452 |   --bg: var(--gray-1);
  453 |   --fg: var(--gray-12);

@import rules must precede all rules aside from @charset and @layer statements

Import trace:
  Client Component Browser:
    ./styles/main.css [Client Component Browser]
    ./app/layout.tsx [Server Component] @ http://localhost:3000/_next/static/chunks/5f34d_next_dist_f43d3f13._.js:3127
[   85340ms] [LOG] [Fast Refresh] rebuilding @ http://localhost:3000/_next/static/chunks/5f34d_next_dist_f43d3f13._.js:2297
[   85394ms] [ERROR] ./styles/main.css:450:8
Parsing CSS source code failed
  448 |   }
  449 | }
> 450 | @import url("tailwindcss");
      |        ^
  451 | :root {
  452 |   --bg: var(--gray-1);
  453 |   --fg: var(--gray-12);

@import rules must precede all rules aside from @charset and @layer statements

Import trace:
  Client Component Browser:
    ./styles/main.css [Client Component Browser]
    ./app/layout.tsx [Server Component] @ http://localhost:3000/_next/static/chunks/5f34d_next_dist_f43d3f13._.js:3127
[   85507ms] [LOG] [Fast Refresh] rebuilding @ http://localhost:3000/_next/static/chunks/5f34d_next_dist_f43d3f13._.js:2297
[   86409ms] [ERROR] ./styles/main.css:450:8
Parsing CSS source code failed
  448 |   }
  449 | }
> 450 | @import url("tailwindcss");
      |        ^
  451 | :root {
  452 |   --bg: var(--gray-1);
  453 |   --fg: var(--gray-12);

@import rules must precede all rules aside from @charset and @layer statements

Import trace:
  Client Component Browser:
    ./styles/main.css [Client Component Browser]
    ./app/layout.tsx [Server Component] @ http://localhost:3000/_next/static/chunks/5f34d_next_dist_f43d3f13._.js:3127
[   86523ms] [LOG] [Fast Refresh] rebuilding @ http://localhost:3000/_next/static/chunks/5f34d_next_dist_f43d3f13._.js:2297
[   86548ms] [ERROR] ./styles/main.css:450:8
Parsing CSS source code failed
  448 |   }
  449 | }
> 450 | @import url("tailwindcss");
      |        ^
  451 | :root {
  452 |   --bg: var(--gray-1);
  453 |   --fg: var(--gray-12);

@import rules must precede all rules aside from @charset and @layer statements

Import trace:
  Client Component Browser:
    ./styles/main.css [Client Component Browser]
    ./app/layout.tsx [Server Component] @ http://localhost:3000/_next/static/chunks/5f34d_next_dist_f43d3f13._.js:3127
[   86655ms] [LOG] [Fast Refresh] rebuilding @ http://localhost:3000/_next/static/chunks/5f34d_next_dist_f43d3f13._.js:2297
[   87281ms] [ERROR] ./styles/main.css:450:8
Parsing CSS source code failed
  448 |   }
  449 | }
> 450 | @import url("tailwindcss");
      |        ^
  451 | :root {
  452 |   --bg: var(--gray-1);
  453 |   --fg: var(--gray-12);

@import rules must precede all rules aside from @charset and @layer statements

Import trace:
  Client Component Browser:
    ./styles/main.css [Client Component Browser]
    ./app/layout.tsx [Server Component] @ http://localhost:3000/_next/static/chunks/5f34d_next_dist_f43d3f13._.js:3127
[   87289ms] [ERROR] Failed to load resource: the server responded with a status of 500 (Internal Server Error) @ http://localhost:3000/:0
[   87459ms] [INFO] %cDownload the React DevTools for a better development experience: https://react.dev/link/react-devtools font-weight:bold @ http://localhost:3000/_next/static/chunks/5e54f_react-dom_4d21b075._.js:15305
[   87557ms] Error: ./styles/main.css:450:8
Parsing CSS source code failed
  448 |   }
  449 | }
> 450 | @import url("tailwindcss");
      |        ^
  451 | :root {
  452 |   --bg: var(--gray-1);
  453 |   --fg: var(--gray-12);

@import rules must precede all rules aside from @charset and @layer statements

Import trace:
  Client Component Browser:
    ./styles/main.css [Client Component Browser]
    ./app/layout.tsx [Server Component]


    at <unknown> (Error: ./styles/main.css:450:8)
    at Object.getCompilationErrors (file://C:\Users\User\Projects\GitHub\my-website\sylph-main\node_modules\.pnpm\next@16.1.4_@babel+core@7.2_795185d4d8aa919df0c6d7b1b45ef0b6\node_modules\next\dist\server\dev\hot-reloader-turbopack.js:1008:59)
    at DevBundlerService.getCompilationError (file://C:\Users\User\Projects\GitHub\my-website\sylph-main\node_modules\.pnpm\next@16.1.4_@babel+core@7.2_795185d4d8aa919df0c6d7b1b45ef0b6\node_modules\next\dist\server\lib\dev-bundler-service.js:44:55)
    at DevServer.getCompilationError (file://C:\Users\User\Projects\GitHub\my-website\sylph-main\node_modules\.pnpm\next@16.1.4_@babel+core@7.2_795185d4d8aa919df0c6d7b1b45ef0b6\node_modules\next\dist\server\dev\next-dev-server.js:706:42)
    at DevServer.findPageComponents (file://C:\Users\User\Projects\GitHub\my-website\sylph-main\node_modules\.pnpm\next@16.1.4_@babel+core@7.2_795185d4d8aa919df0c6d7b1b45ef0b6\node_modules\next\dist\server\dev\next-dev-server.js:676:43)
    at async DevServer.renderErrorToResponseImpl (file://C:\Users\User\Projects\GitHub\my-website\sylph-main\node_modules\.pnpm\next@16.1.4_@babel+core@7.2_795185d4d8aa919df0c6d7b1b45ef0b6\node_modules\next\dist\server\base-server.js:1713:26)
[   87562ms] [LOG] [HMR] connected @ http://localhost:3000/_next/static/chunks/5f34d_next_dist_253e5923._.js:1206
[   87649ms] [ERROR] Failed to load resource: the server responded with a status of 404 (Not Found) @ http://localhost:3000/favicon.ico:0
[   87660ms] [ERROR] ./styles/main.css:450:8
Parsing CSS source code failed
  448 |   }
  449 | }
> 450 | @import url("tailwindcss");
      |        ^
  451 | :root {
  452 |   --bg: var(--gray-1);
  453 |   --fg: var(--gray-12);

@import rules must precede all rules aside from @charset and @layer statements

Import trace:
  Client Component Browser:
    ./styles/main.css [Client Component Browser]
    ./app/layout.tsx [Server Component] @ http://localhost:3000/_next/static/chunks/5f34d_next_dist_253e5923._.js:1920
[   87660ms] [ERROR] ./styles/main.css:450:8
Parsing CSS source code failed
  448 |   }
  449 | }
> 450 | @import url("tailwindcss");
      |        ^
  451 | :root {
  452 |   --bg: var(--gray-1);
  453 |   --fg: var(--gray-12);

@import rules must precede all rules aside from @charset and @layer statements

Import trace:
  Client Component Browser:
    ./styles/main.css [Client Component Browser]
    ./app/layout.tsx [Server Component] @ http://localhost:3000/_next/static/chunks/5f34d_next_dist_253e5923._.js:1920
[   87660ms] [ERROR] ./styles/main.css:450:8
Parsing CSS source code failed
  448 |   }
  449 | }
> 450 | @import url("tailwindcss");
      |        ^
  451 | :root {
  452 |   --bg: var(--gray-1);
  453 |   --fg: var(--gray-12);

@import rules must precede all rules aside from @charset and @layer statements

Import trace:
  Client Component Browser:
    ./styles/main.css [Client Component Browser]
    ./app/layout.tsx [Server Component] @ http://localhost:3000/_next/static/chunks/5f34d_next_dist_253e5923._.js:1920
[   87660ms] [ERROR] ./styles/main.css:450:8
Parsing CSS source code failed
  448 |   }
  449 | }
> 450 | @import url("tailwindcss");
      |        ^
  451 | :root {
  452 |   --bg: var(--gray-1);
  453 |   --fg: var(--gray-12);

@import rules must precede all rules aside from @charset and @layer statements

Import trace:
  Client Component Browser:
    ./styles/main.css [Client Component Browser]
    ./app/layout.tsx [Server Component] @ http://localhost:3000/_next/static/chunks/5f34d_next_dist_253e5923._.js:1920
[   87660ms] [ERROR] ./styles/main.css:450:8
Parsing CSS source code failed
  448 |   }
  449 | }
> 450 | @import url("tailwindcss");
      |        ^
  451 | :root {
  452 |   --bg: var(--gray-1);
  453 |   --fg: var(--gray-12);

@import rules must precede all rules aside from @charset and @layer statements

Import trace:
  Client Component Browser:
    ./styles/main.css [Client Component Browser]
    ./app/layout.tsx [Server Component] @ http://localhost:3000/_next/static/chunks/5f34d_next_dist_253e5923._.js:1920
[   87661ms] [ERROR] ./styles/main.css:450:8
Parsing CSS source code failed
  448 |   }
  449 | }
> 450 | @import url("tailwindcss");
      |        ^
  451 | :root {
  452 |   --bg: var(--gray-1);
  453 |   --fg: var(--gray-12);

@import rules must precede all rules aside from @charset and @layer statements

Import trace:
  Client Component Browser:
    ./styles/main.css [Client Component Browser]
    ./app/layout.tsx [Server Component] @ http://localhost:3000/_next/static/chunks/5f34d_next_dist_253e5923._.js:1920
[   87661ms] [ERROR] ./styles/main.css:450:8
Parsing CSS source code failed
  448 |   }
  449 | }
> 450 | @import url("tailwindcss");
      |        ^
  451 | :root {
  452 |   --bg: var(--gray-1);
  453 |   --fg: var(--gray-12);

@import rules must precede all rules aside from @charset and @layer statements

Import trace:
  Client Component Browser:
    ./styles/main.css [Client Component Browser]
    ./app/layout.tsx [Server Component] @ http://localhost:3000/_next/static/chunks/5f34d_next_dist_253e5923._.js:1920
[   87661ms] [ERROR] ./styles/main.css:450:8
Parsing CSS source code failed
  448 |   }
  449 | }
> 450 | @import url("tailwindcss");
      |        ^
  451 | :root {
  452 |   --bg: var(--gray-1);
  453 |   --fg: var(--gray-12);

@import rules must precede all rules aside from @charset and @layer statements

Import trace:
  Client Component Browser:
    ./styles/main.css [Client Component Browser]
    ./app/layout.tsx [Server Component] @ http://localhost:3000/_next/static/chunks/5f34d_next_dist_253e5923._.js:1920
[   87731ms] [LOG] [Fast Refresh] rebuilding @ http://localhost:3000/_next/static/chunks/5f34d_next_dist_253e5923._.js:1206
[   87733ms] [ERROR] ./styles/main.css:450:8
Parsing CSS source code failed
  448 |   }
  449 | }
> 450 | @import url("tailwindcss");
      |        ^
  451 | :root {
  452 |   --bg: var(--gray-1);
  453 |   --fg: var(--gray-12);

@import rules must precede all rules aside from @charset and @layer statements

Import trace:
  Client Component Browser:
    ./styles/main.css [Client Component Browser]
    ./app/layout.tsx [Server Component] @ http://localhost:3000/_next/static/chunks/5f34d_next_dist_253e5923._.js:1920
[  124131ms] [LOG] [Fast Refresh] rebuilding @ http://localhost:3000/_next/static/chunks/5f34d_next_dist_253e5923._.js:1206
[  124365ms] [WARNING] [Fast Refresh] performing full reload because your application had an unrecoverable error @ http://localhost:3000/_next/static/chunks/5f34d_next_dist_253e5923._.js:1206
[  124897ms] [LOG] [Fast Refresh] done in 342ms @ http://localhost:3000/_next/static/chunks/5f34d_next_dist_253e5923._.js:1206
[  125021ms] [LOG] [Fast Refresh] rebuilding @ http://localhost:3000/_next/static/chunks/5f34d_next_dist_253e5923._.js:1206
[  125173ms] [LOG] [Fast Refresh] done in 253ms @ http://localhost:3000/_next/static/chunks/5f34d_next_dist_253e5923._.js:1206
[  125297ms] [INFO] %cDownload the React DevTools for a better development experience: https://react.dev/link/react-devtools font-weight:bold @ http://localhost:3000/_next/static/chunks/5f34d_next_dist_f43d3f13._.js:2297
[  125696ms] [LOG] [HMR] connected @ http://localhost:3000/_next/static/chunks/5f34d_next_dist_f43d3f13._.js:2297
[  131642ms] [INFO] %cDownload the React DevTools for a better development experience: https://react.dev/link/react-devtools font-weight:bold @ http://localhost:3000/_next/static/chunks/5f34d_next_dist_f43d3f13._.js:2297
[  131702ms] [LOG] [HMR] connected @ http://localhost:3000/_next/static/chunks/5f34d_next_dist_f43d3f13._.js:2297
[  131907ms] [LOG] [Fast Refresh] rebuilding @ http://localhost:3000/_next/static/chunks/5f34d_next_dist_f43d3f13._.js:2297
[  132103ms] [LOG] [Fast Refresh] done in 300ms @ http://localhost:3000/_next/static/chunks/5f34d_next_dist_f43d3f13._.js:2297
[  215655ms] [ERROR] WebSocket connection to 'ws://localhost:3000/_next/webpack-hmr?id=j_bdu0OsIcGM0ZSJAcN3i' failed: Error in connection establishment: net::ERR_CONNECTION_REFUSED @ http://localhost:3000/_next/static/chunks/5f34d_next_dist_client_affa220b._.js:10878
[  219008ms] [ERROR] WebSocket connection to 'ws://localhost:3000/_next/webpack-hmr?id=j_bdu0OsIcGM0ZSJAcN3i' failed: Error in connection establishment: net::ERR_CONNECTION_REFUSED @ http://localhost:3000/_next/static/chunks/5f34d_next_dist_client_affa220b._.js:10878
[  222364ms] [ERROR] WebSocket connection to 'ws://localhost:3000/_next/webpack-hmr?id=j_bdu0OsIcGM0ZSJAcN3i' failed: Error in connection establishment: net::ERR_CONNECTION_REFUSED @ http://localhost:3000/_next/static/chunks/5f34d_next_dist_client_affa220b._.js:10878
[  225720ms] [ERROR] WebSocket connection to 'ws://localhost:3000/_next/webpack-hmr?id=j_bdu0OsIcGM0ZSJAcN3i' failed: Error in connection establishment: net::ERR_CONNECTION_REFUSED @ http://localhost:3000/_next/static/chunks/5f34d_next_dist_client_affa220b._.js:10878
[  229074ms] [ERROR] WebSocket connection to 'ws://localhost:3000/_next/webpack-hmr?id=j_bdu0OsIcGM0ZSJAcN3i' failed: Error in connection establishment: net::ERR_CONNECTION_REFUSED @ http://localhost:3000/_next/static/chunks/5f34d_next_dist_client_affa220b._.js:10878
[  236413ms] [ERROR] WebSocket connection to 'ws://localhost:3000/_next/webpack-hmr?id=j_bdu0OsIcGM0ZSJAcN3i' failed: Error in connection establishment: net::ERR_CONNECTION_REFUSED @ http://localhost:3000/_next/static/chunks/5f34d_next_dist_client_affa220b._.js:10878
[  243749ms] [ERROR] WebSocket connection to 'ws://localhost:3000/_next/webpack-hmr?id=j_bdu0OsIcGM0ZSJAcN3i' failed: Error in connection establishment: net::ERR_CONNECTION_REFUSED @ http://localhost:3000/_next/static/chunks/5f34d_next_dist_client_affa220b._.js:10878
[  251117ms] [ERROR] WebSocket connection to 'ws://localhost:3000/_next/webpack-hmr?id=j_bdu0OsIcGM0ZSJAcN3i' failed: Error in connection establishment: net::ERR_CONNECTION_REFUSED @ http://localhost:3000/_next/static/chunks/5f34d_next_dist_client_affa220b._.js:10878
[  258467ms] [ERROR] WebSocket connection to 'ws://localhost:3000/_next/webpack-hmr?id=j_bdu0OsIcGM0ZSJAcN3i' failed: Error in connection establishment: net::ERR_CONNECTION_REFUSED @ http://localhost:3000/_next/static/chunks/5f34d_next_dist_client_affa220b._.js:10878
[  265819ms] [ERROR] WebSocket connection to 'ws://localhost:3000/_next/webpack-hmr?id=j_bdu0OsIcGM0ZSJAcN3i' failed: Error in connection establishment: net::ERR_CONNECTION_REFUSED @ http://localhost:3000/_next/static/chunks/5f34d_next_dist_client_affa220b._.js:10878
[  273155ms] [ERROR] WebSocket connection to 'ws://localhost:3000/_next/webpack-hmr?id=j_bdu0OsIcGM0ZSJAcN3i' failed: Error in connection establishment: net::ERR_CONNECTION_REFUSED @ http://localhost:3000/_next/static/chunks/5f34d_next_dist_client_affa220b._.js:10878
[  280501ms] [ERROR] WebSocket connection to 'ws://localhost:3000/_next/webpack-hmr?id=j_bdu0OsIcGM0ZSJAcN3i' failed: Error in connection establishment: net::ERR_CONNECTION_REFUSED @ http://localhost:3000/_next/static/chunks/5f34d_next_dist_client_affa220b._.js:10878
